<?xml version="1.0" encoding="UTF-8"?>
<!-- Generated by org.testng.reporters.JUnitReportReporter -->
<testsuite hostname="WSAMZN-7ID4CD15" failures="0" tests="4" name="com.gapi.testCases.GetPOPPOEDetails" time="6.876" errors="0" timestamp="2023-04-04T18:51:16 IST" skipped="0">
  <testcase classname="com.gapi.testCases.GetPOPPOEDetails" name="getPopDetailsInfoWithInvalidLegalentity" time="0.413"/>
  <system-out/>
  <testcase classname="com.gapi.testCases.GetPOPPOEDetails" name="getPopDetailsInfoWithInvalidToken" time="0.201"/>
  <system-out/>
  <testcase classname="com.gapi.testCases.GetPOPPOEDetails" name="getPopDetailsInfoWithInvalidGlobalUltimate" time="0.415"/>
  <system-out/>
  <testcase classname="com.gapi.testCases.GetPOPPOEDetails" name="getPopDetailsInfo" time="5.847"/>
  <system-out/>
</testsuite> <!-- com.gapi.testCases.GetPOPPOEDetails -->
