<?xml version="1.0" encoding="UTF-8"?>
<!-- Generated by org.testng.reporters.JUnitReportReporter -->
<testsuite hostname="WSAMZN-7ID4CD15" failures="0" tests="17" name="com.gapi.testCases.GetSites" time="15.708" errors="0" timestamp="2023-04-04T18:51:16 IST" skipped="0">
  <testcase classname="com.gapi.testCases.GetSites" name="getAllSiteDetailsinfo" time="0.905"/>
  <system-out/>
  <testcase classname="com.gapi.testCases.GetSites" name="getAllSiteDetailsinfo" time="0.752"/>
  <system-out/>
  <testcase classname="com.gapi.testCases.GetSites" name="getAllSiteDetailsinfo" time="1.395"/>
  <system-out/>
  <testcase classname="com.gapi.testCases.GetSites" name="getAllSiteDetailsinfo" time="0.958"/>
  <system-out/>
  <testcase classname="com.gapi.testCases.GetSites" name="getAllSiteDetailsinfo" time="0.881"/>
  <system-out/>
  <testcase classname="com.gapi.testCases.GetSites" name="getAllSiteDetailsinfo" time="0.889"/>
  <system-out/>
  <testcase classname="com.gapi.testCases.GetSites" name="getAllSiteDetailsinfo" time="0.890"/>
  <system-out/>
  <testcase classname="com.gapi.testCases.GetSites" name="getAllSiteDetailsinfo" time="1.277"/>
  <system-out/>
  <testcase classname="com.gapi.testCases.GetSites" name="getAllSiteDetailsinfo" time="0.935"/>
  <system-out/>
  <testcase classname="com.gapi.testCases.GetSites" name="getAllSiteDetailsinfo" time="0.767"/>
  <system-out/>
  <testcase classname="com.gapi.testCases.GetSites" name="getAllSiteDetailsinfo" time="0.948"/>
  <system-out/>
  <testcase classname="com.gapi.testCases.GetSites" name="getAllSiteDetailsinfo" time="0.776"/>
  <system-out/>
  <testcase classname="com.gapi.testCases.GetSites" name="getAllSiteDetailsinfo" time="0.878"/>
  <system-out/>
  <testcase classname="com.gapi.testCases.GetSites" name="getAllSiteDetailsinfo" time="0.868"/>
  <system-out/>
  <testcase classname="com.gapi.testCases.GetSites" name="getAllSiteDetailsinfo" time="0.809"/>
  <system-out/>
  <testcase classname="com.gapi.testCases.GetSites" name="getAllSiteDetailsinfo" time="0.863"/>
  <system-out/>
  <testcase classname="com.gapi.testCases.GetSites" name="getAllSiteDetailsinfo" time="0.917"/>
  <system-out/>
</testsuite> <!-- com.gapi.testCases.GetSites -->
