<?xml version="1.0" encoding="UTF-8"?>
<!-- Generated by org.testng.reporters.JUnitReportReporter -->
<testsuite hostname="WSAMZN-7ID4CD15" failures="0" tests="9" name="com.gapi.testCases.GetNotificationDetails" time="47.547" errors="0" timestamp="2023-04-04T18:51:16 IST" skipped="0">
  <testcase classname="com.gapi.testCases.GetNotificationDetails" name="updateNotificationById" time="8.770"/>
  <system-out/>
  <testcase classname="com.gapi.testCases.GetNotificationDetails" name="getNotificationDetailsByNegativeToken" time="3.701"/>
  <system-out/>
  <testcase classname="com.gapi.testCases.GetNotificationDetails" name="updateNotificationByInvalidId" time="0.986"/>
  <system-out/>
  <testcase classname="com.gapi.testCases.GetNotificationDetails" name="verifyGetNotificationInfoByInvalidId" time="0.717"/>
  <system-out/>
  <testcase classname="com.gapi.testCases.GetNotificationDetails" name="getAllNotificationDetailsInfo" time="3.831"/>
  <system-out/>
  <testcase classname="com.gapi.testCases.GetNotificationDetails" name="getNotificationDetailsById" time="8.135"/>
  <system-out/>
  <testcase classname="com.gapi.testCases.GetNotificationDetails" name="updateNotificationById" time="8.947"/>
  <system-out/>
  <testcase classname="com.gapi.testCases.GetNotificationDetails" name="updateAttributesOfNotification" time="4.284"/>
  <system-out/>
  <testcase classname="com.gapi.testCases.GetNotificationDetails" name="updateNotificationById" time="8.176"/>
  <system-out/>
</testsuite> <!-- com.gapi.testCases.GetNotificationDetails -->
