<?xml version="1.0" encoding="UTF-8"?>
<!-- Generated by org.testng.reporters.JUnitReportReporter -->
<testsuite hostname="WSAMZN-7ID4CD15" failures="0" tests="2" name="com.gapi.testCases.ModifyFAPermanentBadge" time="3.876" errors="0" timestamp="2023-04-04T18:51:16 IST" skipped="0">
  <testcase classname="com.gapi.testCases.ModifyFAPermanentBadge" name="verifyModifyPermanentBadgeRequest" time="3.607"/>
  <system-out/>
  <testcase classname="com.gapi.testCases.ModifyFAPermanentBadge" name="verifyModifyPermanentBadgeRequest" time="0.269"/>
  <system-out/>
</testsuite> <!-- com.gapi.testCases.ModifyFAPermanentBadge -->
