<?xml version="1.0" encoding="UTF-8"?>
<!-- Generated by org.testng.reporters.JUnitReportReporter -->
<testsuite hostname="WSAMZN-7ID4CD15" failures="0" tests="24" name="com.gapi.testCases.GetReportsRequest" time="37.142" errors="0" timestamp="2023-04-04T15:40:47 UTC" skipped="0">
  <testcase classname="com.gapi.testCases.GetReportsRequest" name="getReportsDetails" time="1.423"/>
  <system-out/>
  <testcase classname="com.gapi.testCases.GetReportsRequest" name="getAllSecurityPlannedReportsMaintenanceSortBy" time="4.822"/>
  <system-out/>
  <testcase classname="com.gapi.testCases.GetReportsRequest" name="getDownloadReportBySecurityID" time="3.926"/>
  <system-out/>
  <testcase classname="com.gapi.testCases.GetReportsRequest" name="invalidReportBySecurityID" time="0.348"/>
  <system-out/>
  <testcase classname="com.gapi.testCases.GetReportsRequest" name="getDCIMReportsSortedWithDifferentFilters" time="1.082"/>
  <system-out/>
  <testcase classname="com.gapi.testCases.GetReportsRequest" name="securityReportsSortedWithDifferentFilters" time="0.851"/>
  <system-out/>
  <testcase classname="com.gapi.testCases.GetReportsRequest" name="invalidReportByDCIMID" time="0.358"/>
  <system-out/>
  <testcase classname="com.gapi.testCases.GetReportsRequest" name="getReportsWorkOrdersDetails" time="1.469"/>
  <system-out/>
  <testcase classname="com.gapi.testCases.GetReportsRequest" name="getReportsDetailsusingFilters" time="1.087"/>
  <system-out/>
  <testcase classname="com.gapi.testCases.GetReportsRequest" name="securityReportsSortedWithDifferentFilters" time="0.921"/>
  <system-out/>
  <testcase classname="com.gapi.testCases.GetReportsRequest" name="getDCIMReportsSortedWithDifferentFilters" time="1.385"/>
  <system-out/>
  <testcase classname="com.gapi.testCases.GetReportsRequest" name="getDownloadReportByDCIMID" time="4.321"/>
  <system-out/>
  <testcase classname="com.gapi.testCases.GetReportsRequest" name="getDCIMReportsSortedWithDifferentFilters" time="1.097"/>
  <system-out/>
  <testcase classname="com.gapi.testCases.GetReportsRequest" name="getAllSecurityPlannedReportsMaintenanceSortBy" time="1.340"/>
  <system-out/>
  <testcase classname="com.gapi.testCases.GetReportsRequest" name="securityReportsSortedWithDifferentFilters" time="0.851"/>
  <system-out/>
  <testcase classname="com.gapi.testCases.GetReportsRequest" name="getAllSecurityPlannedReportsMaintenanceSortBy" time="3.183"/>
  <system-out/>
  <testcase classname="com.gapi.testCases.GetReportsRequest" name="securityReportsSortedWithDifferentFilters" time="0.845"/>
  <system-out/>
  <testcase classname="com.gapi.testCases.GetReportsRequest" name="securityReportsSortedWithDifferentFilters" time="0.963"/>
  <system-out/>
  <testcase classname="com.gapi.testCases.GetReportsRequest" name="getReportsDetailsusingFilters" time="0.970"/>
  <system-out/>
  <testcase classname="com.gapi.testCases.GetReportsRequest" name="getAllSecurityPlannedReportsMaintenanceSortBy" time="1.042"/>
  <system-out/>
  <testcase classname="com.gapi.testCases.GetReportsRequest" name="getDCIMReportsSortedWithDifferentFilters" time="1.047"/>
  <system-out/>
  <testcase classname="com.gapi.testCases.GetReportsRequest" name="getReportsDetailsSortBySite" time="0.135"/>
  <system-out/>
  <testcase classname="com.gapi.testCases.GetReportsRequest" name="getDCIMReportsSortedWithDifferentFilters" time="1.003"/>
  <system-out/>
  <testcase classname="com.gapi.testCases.GetReportsRequest" name="getAllSecurityPlannedReportsMaintenanceSortBy" time="2.673"/>
  <system-out/>
</testsuite> <!-- com.gapi.testCases.GetReportsRequest -->
