<?xml version="1.0" encoding="UTF-8"?>
<!-- Generated by org.testng.reporters.JUnitReportReporter -->
<testsuite hostname="WSAMZN-7ID4CD15" failures="0" tests="2" name="com.gapi.testCases.AddCommentToTheShipmentsTicket" time="7.723" errors="0" timestamp="2023-04-04T18:51:16 IST" skipped="0">
  <testcase classname="com.gapi.testCases.AddCommentToTheShipmentsTicket" name="verifyAddingsizeMaxSHTicketForWithmandatoryfieldsRequired" time="0.133"/>
  <system-out/>
  <testcase classname="com.gapi.testCases.AddCommentToTheShipmentsTicket" name="AddUsercommentsShipmentsTicket" time="7.590"/>
  <system-out/>
</testsuite> <!-- com.gapi.testCases.AddCommentToTheShipmentsTicket -->
