<?xml version="1.0" encoding="UTF-8"?>
<!-- Generated by org.testng.reporters.JUnitReportReporter -->
<testsuite hostname="WSAMZN-7ID4CD15" failures="0" tests="3" name="com.gapi.testCases.CancelShipmentsTicket" time="20.271" errors="0" timestamp="2023-04-04T18:51:16 IST" skipped="0">
  <testcase classname="com.gapi.testCases.CancelShipmentsTicket" name="verifyCancelShipmentsTicketWithCancelReason" time="6.864"/>
  <system-out/>
  <testcase classname="com.gapi.testCases.CancelShipmentsTicket" name="verifyCancelShipmentsTicketwithoutCancelReason" time="6.293"/>
  <system-out/>
  <testcase classname="com.gapi.testCases.CancelShipmentsTicket" name="verifyCancelShipmentsTicketWithCancelReason" time="7.114"/>
  <system-out/>
</testsuite> <!-- com.gapi.testCases.CancelShipmentsTicket -->
