<?xml version="1.0" encoding="UTF-8"?>
<!-- Generated by org.testng.reporters.JUnitReportReporter -->
<testsuite hostname="WSAMZN-7ID4CD15" failures="0" tests="3" name="com.gapi.testCases.AddAttachmentToTheCustomerSupportTicket" time="15.580" errors="0" timestamp="2023-04-04T18:51:16 IST" skipped="0">
  <testcase classname="com.gapi.testCases.AddAttachmentToTheCustomerSupportTicket" name="getAttachmentOfCustomerSupportTicketByID" time="8.447"/>
  <system-out/>
  <testcase classname="com.gapi.testCases.AddAttachmentToTheCustomerSupportTicket" name="addAttachmentstoCustomerSupportTicket" time="5.402"/>
  <system-out/>
  <testcase classname="com.gapi.testCases.AddAttachmentToTheCustomerSupportTicket" name="addAttachmentstoCustomerSupportTicketWithOutRequestIDAndfilename" time="1.731"/>
  <system-out/>
</testsuite> <!-- com.gapi.testCases.AddAttachmentToTheCustomerSupportTicket -->
