<?xml version="1.0" encoding="UTF-8"?>
<!-- Generated by org.testng.reporters.JUnitReportReporter -->
<testsuite hostname="EC2AMAZ-G6IH36I" failures="1" tests="19" name="com.gapi.testCases.CreateRemoteHandRequest" time="22.914" errors="0" timestamp="2022-02-24T12:30:10 IST" skipped="0">
  <testcase classname="com.gapi.testCases.CreateRemoteHandRequest" name="verifyCreateRemoteHandsTicket" time="1.097"/>
  <system-out/>
  <testcase classname="com.gapi.testCases.CreateRemoteHandRequest" name="verifyCreateRemoteHandsTicket" time="1.188"/>
  <system-out/>
  <testcase classname="com.gapi.testCases.CreateRemoteHandRequest" name="verifyCreateRemoteHandsTicket" time="1.406"/>
  <system-out/>
  <testcase classname="com.gapi.testCases.CreateRemoteHandRequest" name="verifyCreateRemoteHandsTicket" time="0.807"/>
  <system-out/>
  <testcase classname="com.gapi.testCases.CreateRemoteHandRequest" name="verifyCreateRemoteHandsTicket" time="0.926"/>
  <system-out/>
  <testcase classname="com.gapi.testCases.CreateRemoteHandRequest" name="verifyCreateRemoteHandsTicket" time="0.859"/>
  <system-out/>
  <testcase classname="com.gapi.testCases.CreateRemoteHandRequest" name="verifyCreateRemoteHandsTicket" time="1.528"/>
  <system-out/>
  <testcase classname="com.gapi.testCases.CreateRemoteHandRequest" name="verifyCreateRemoteHandsTicket" time="1.437"/>
  <system-out/>
  <testcase classname="com.gapi.testCases.CreateRemoteHandRequest" name="verifyCreateRemoteHandsTicket" time="0.940"/>
  <system-out/>
  <testcase classname="com.gapi.testCases.CreateRemoteHandRequest" name="verifyCreateRemoteHandsTicket" time="0.903"/>
  <system-out/>
  <testcase classname="com.gapi.testCases.CreateRemoteHandRequest" name="verifyCreateRemoteHandsTicket" time="0.846"/>
  <system-out/>
  <testcase classname="com.gapi.testCases.CreateRemoteHandRequest" name="verifyCreateRemoteHandsTicket" time="0.975"/>
  <system-out/>
  <testcase classname="com.gapi.testCases.CreateRemoteHandRequest" name="verifyCreateRemoteHandsTicket" time="1.008"/>
  <system-out/>
  <testcase classname="com.gapi.testCases.CreateRemoteHandRequest" name="verifyCreateRemoteHandsTicket" time="0.902"/>
  <system-out/>
  <testcase classname="com.gapi.testCases.CreateRemoteHandRequest" name="verifyCreateRemoteHandsTicket" time="0.897"/>
  <system-out/>
  <testcase classname="com.gapi.testCases.CreateRemoteHandRequest" name="verifyCreateRemoteHandsTicket" time="1.068"/>
  <system-out/>
  <testcase classname="com.gapi.testCases.CreateRemoteHandRequest" name="VerifycreateRemoteHandsRequestAndRetrieveTheRequest" time="4.158">
    <failure message="expected [201] but found [404]" type="java.lang.AssertionError">
      <![CDATA[java.lang.AssertionError: expected [201] but found [404]
at org.testng.Assert.fail(Assert.java:99)
at org.testng.Assert.failNotEquals(Assert.java:1037)
at org.testng.Assert.assertEqualsImpl(Assert.java:140)
at org.testng.Assert.assertEquals(Assert.java:122)
at org.testng.Assert.assertEquals(Assert.java:907)
at org.testng.Assert.assertEquals(Assert.java:917)
at com.gapi.testCases.CreateRemoteHandRequest.VerifycreateRemoteHandsRequestAndRetrieveTheRequest(CreateRemoteHandRequest.java:72)
at java.base/jdk.internal.reflect.NativeMethodAccessorImpl.invoke0(Native Method)
at java.base/jdk.internal.reflect.NativeMethodAccessorImpl.invoke(NativeMethodAccessorImpl.java:77)
at java.base/jdk.internal.reflect.DelegatingMethodAccessorImpl.invoke(DelegatingMethodAccessorImpl.java:43)
at java.base/java.lang.reflect.Method.invoke(Method.java:568)
at org.testng.internal.MethodInvocationHelper.invokeMethod(MethodInvocationHelper.java:133)
at org.testng.internal.TestInvoker.invokeMethod(TestInvoker.java:598)
at org.testng.internal.TestInvoker.invokeTestMethod(TestInvoker.java:173)
at org.testng.internal.MethodRunner.runInSequence(MethodRunner.java:46)
at org.testng.internal.TestInvoker$MethodInvocationAgent.invoke(TestInvoker.java:824)
at org.testng.internal.TestInvoker.invokeTestMethods(TestInvoker.java:146)
at org.testng.internal.TestMethodWorker.invokeTestMethods(TestMethodWorker.java:146)
at org.testng.internal.TestMethodWorker.run(TestMethodWorker.java:128)
at java.base/java.util.ArrayList.forEach(ArrayList.java:1511)
at org.testng.TestRunner.privateRun(TestRunner.java:794)
at org.testng.TestRunner.run(TestRunner.java:596)
at org.testng.SuiteRunner.runTest(SuiteRunner.java:377)
at org.testng.SuiteRunner.runSequentially(SuiteRunner.java:371)
at org.testng.SuiteRunner.privateRun(SuiteRunner.java:332)
at org.testng.SuiteRunner.run(SuiteRunner.java:276)
at org.testng.SuiteRunnerWorker.runSuite(SuiteRunnerWorker.java:53)
at org.testng.SuiteRunnerWorker.run(SuiteRunnerWorker.java:96)
at org.testng.TestNG.runSuitesSequentially(TestNG.java:1212)
at org.testng.TestNG.runSuitesLocally(TestNG.java:1134)
at org.testng.TestNG.runSuites(TestNG.java:1063)
at org.testng.TestNG.run(TestNG.java:1031)
at org.testng.remote.AbstractRemoteTestNG.run(AbstractRemoteTestNG.java:115)
at org.testng.remote.RemoteTestNG.initAndRun(RemoteTestNG.java:251)
at org.testng.remote.RemoteTestNG.main(RemoteTestNG.java:77)
]]>
    </failure>
  </testcase> <!-- VerifycreateRemoteHandsRequestAndRetrieveTheRequest -->
  <system-out/>
  <testcase classname="com.gapi.testCases.CreateRemoteHandRequest" name="verifyCreateRemoteHandsTicket" time="0.864"/>
  <system-out/>
  <testcase classname="com.gapi.testCases.CreateRemoteHandRequest" name="verifyCreateRemoteHandsTicket" time="1.105"/>
  <system-out/>
</testsuite> <!-- com.gapi.testCases.CreateRemoteHandRequest -->
