<?xml version="1.0" encoding="UTF-8"?>
<!-- Generated by org.testng.reporters.JUnitReportReporter -->
<testsuite hostname="WSAMZN-7ID4CD15" failures="0" tests="7" name="com.gapi.testCases.GetCities" time="4.893" errors="0" timestamp="2023-04-04T18:51:16 IST" skipped="0">
  <testcase classname="com.gapi.testCases.GetCities" name="getCitiesInformation" time="0.713"/>
  <system-out/>
  <testcase classname="com.gapi.testCases.GetCities" name="getCitiesInformationUsingDifferentFilters" time="0.692"/>
  <system-out/>
  <testcase classname="com.gapi.testCases.GetCities" name="getCitiesInformationUsingDifferentFilters" time="0.690"/>
  <system-out/>
  <testcase classname="com.gapi.testCases.GetCities" name="getCitiesInformationUsingDifferentFilters" time="0.694"/>
  <system-out/>
  <testcase classname="com.gapi.testCases.GetCities" name="getCitiesInformationUsingDifferentFilters" time="0.721"/>
  <system-out/>
  <testcase classname="com.gapi.testCases.GetCities" name="getCitiesInformationUsingDifferentFilters" time="0.713"/>
  <system-out/>
  <testcase classname="com.gapi.testCases.GetCities" name="getCitiesInformationUsingDifferentFilters" time="0.670"/>
  <system-out/>
</testsuite> <!-- com.gapi.testCases.GetCities -->
