<?xml version="1.0" encoding="UTF-8"?>
<!-- Generated by org.testng.reporters.JUnitReportReporter -->
<testsuite hostname="EC2AMAZ-G6IH36I" failures="0" tests="1" name="com.gapi.testCases.BaseClass" time="3.588" errors="0" timestamp="2022-02-11T20:28:39 IST" skipped="0">
  <testcase classname="com.gapi.testCases.BaseClass" name="generateAuthorisationToken" time="3.588"/>
  <system-out/>
</testsuite> <!-- com.gapi.testCases.BaseClass -->
