<?xml version="1.0" encoding="UTF-8"?>
<!-- Generated by org.testng.reporters.JUnitReportReporter -->
<testsuite hostname="WSAMZN-7ID4CD15" failures="0" tests="14" name="com.gapi.testCases.GetCampus" time="9.581" errors="0" timestamp="2023-04-04T18:51:16 IST" skipped="0">
  <testcase classname="com.gapi.testCases.GetCampus" name="getCampusInformationUsingDifferentFilters" time="0.676"/>
  <system-out/>
  <testcase classname="com.gapi.testCases.GetCampus" name="getCampusInformation" time="0.823"/>
  <system-out/>
  <testcase classname="com.gapi.testCases.GetCampus" name="getCampusInformationUsingDifferentFilters" time="0.651"/>
  <system-out/>
  <testcase classname="com.gapi.testCases.GetCampus" name="getCampusInformationUsingDifferentFilters" time="0.661"/>
  <system-out/>
  <testcase classname="com.gapi.testCases.GetCampus" name="getCampusInformationUsingDifferentFilters" time="0.677"/>
  <system-out/>
  <testcase classname="com.gapi.testCases.GetCampus" name="getCampusInformationUsingDifferentFilters" time="0.664"/>
  <system-out/>
  <testcase classname="com.gapi.testCases.GetCampus" name="getCampusInformationUsingDifferentFilters" time="0.659"/>
  <system-out/>
  <testcase classname="com.gapi.testCases.GetCampus" name="getCampusInformationUsingDifferentFilters" time="0.676"/>
  <system-out/>
  <testcase classname="com.gapi.testCases.GetCampus" name="getCampusInformationUsingDifferentFilters" time="0.698"/>
  <system-out/>
  <testcase classname="com.gapi.testCases.GetCampus" name="getCampusInformationUsingDifferentFilters" time="0.656"/>
  <system-out/>
  <testcase classname="com.gapi.testCases.GetCampus" name="getCampusInformationUsingDifferentFilters" time="0.675"/>
  <system-out/>
  <testcase classname="com.gapi.testCases.GetCampus" name="getCampusInformationUsingDifferentFilters" time="0.690"/>
  <system-out/>
  <testcase classname="com.gapi.testCases.GetCampus" name="getCampusInformationUsingDifferentFilters" time="0.684"/>
  <system-out/>
  <testcase classname="com.gapi.testCases.GetCampus" name="getCampusInformationUsingDifferentFilters" time="0.691"/>
  <system-out/>
</testsuite> <!-- com.gapi.testCases.GetCampus -->
