<?xml version="1.0" encoding="UTF-8"?>
<!-- Generated by org.testng.reporters.JUnitReportReporter -->
<testsuite hostname="WSAMZN-1OLKJPF2" failures="0" tests="1" name="com.gapi.testCases.GetDCIMHistorical" time="2.224" errors="0" timestamp="2022-07-06T09:47:47 IST" skipped="0">
  <testcase classname="com.gapi.testCases.GetDCIMHistorical" name="getDCIMHistorical" time="2.224"/>
  <system-out/>
</testsuite> <!-- com.gapi.testCases.GetDCIMHistorical -->
