<?xml version="1.0" encoding="UTF-8"?>
<!-- Generated by org.testng.reporters.JUnitReportReporter -->
<testsuite hostname="WSAMZN-7ID4CD15" failures="0" tests="2" name="com.gapi.testCases.ModifyFAVisitorAccess" time="4.212" errors="0" timestamp="2023-04-04T18:51:16 IST" skipped="0">
  <testcase classname="com.gapi.testCases.ModifyFAVisitorAccess" name="verifyModifyVisitorAccessRequest" time="3.932"/>
  <system-out/>
  <testcase classname="com.gapi.testCases.ModifyFAVisitorAccess" name="verifyModifyVisitorAccessRequest" time="0.280"/>
  <system-out/>
</testsuite> <!-- com.gapi.testCases.ModifyFAVisitorAccess -->
