<?xml version="1.0" encoding="UTF-8"?>
<!-- Generated by org.testng.reporters.JUnitReportReporter -->
<testsuite hostname="EC2AMAZ-AEPEKTK" failures="0" tests="1" name="com.gapi.testCases.CancelCustomerSupportTicket" time="0.000" errors="0" timestamp="2023-04-05T11:22:37 EDT" skipped="1">
  <testcase classname="com.gapi.testCases.CancelCustomerSupportTicket" name="verifyCancelCustomerSupportTicket" time="0.000">
    <skipped/>
  </testcase> <!-- verifyCancelCustomerSupportTicket -->
  <system-out/>
</testsuite> <!-- com.gapi.testCases.CancelCustomerSupportTicket -->
