<?xml version="1.0" encoding="UTF-8"?>
<!-- Generated by org.testng.reporters.JUnitReportReporter -->
<testsuite hostname="WSAMZN-7ID4CD15" failures="0" tests="4" name="com.gapi.testCases.EditCustomerSupportTicket" time="28.031" errors="0" timestamp="2023-04-04T18:51:16 IST" skipped="0">
  <testcase classname="com.gapi.testCases.EditCustomerSupportTicket" name="verifyEditTitleOfAnExistingCustomerSupportTicket" time="6.423"/>
  <system-out/>
  <testcase classname="com.gapi.testCases.EditCustomerSupportTicket" name="verifyEditDescriptionOfAnExistingCustomerSupportTicket" time="6.931"/>
  <system-out/>
  <testcase classname="com.gapi.testCases.EditCustomerSupportTicket" name="verifyEditCustomerReferenceOfAnExistingCustomerSupportTicket" time="7.563"/>
  <system-out/>
  <testcase classname="com.gapi.testCases.EditCustomerSupportTicket" name="verifyEditNotificationRecipientsOfAnExistingCustomerSupportTicket" time="7.114"/>
  <system-out/>
</testsuite> <!-- com.gapi.testCases.EditCustomerSupportTicket -->
