<?xml version="1.0" encoding="UTF-8"?>
<!-- Generated by org.testng.reporters.JUnitReportReporter -->
<testsuite hostname="WSAMZN-7ID4CD15" failures="0" tests="3" name="com.gapi.testCases.CreateAllFourInOne" time="5.057" errors="0" timestamp="2023-04-04T18:51:16 IST" skipped="0">
  <testcase classname="com.gapi.testCases.CreateAllFourInOne" name="CreatePermissionGroup" time="2.697"/>
  <system-out/>
  <testcase classname="com.gapi.testCases.CreateAllFourInOne" name="CreatePermissions" time="1.916"/>
  <system-out/>
  <testcase classname="com.gapi.testCases.CreateAllFourInOne" name="CreateRoles" time="0.444"/>
  <system-out/>
</testsuite> <!-- com.gapi.testCases.CreateAllFourInOne -->
