<?xml version="1.0" encoding="UTF-8"?>
<!-- Generated by org.testng.reporters.JUnitReportReporter -->
<testsuite hostname="WSAMZN-MVKF1909" failures="0" tests="1" name="com.gapi.testCases.CreateFAVisitoraccess" time="0.321" errors="0" timestamp="2023-01-19T16:38:27 UTC" skipped="0">
  <testcase classname="com.gapi.testCases.CreateFAVisitoraccess" name="verifyCreateVisitorAccessRequest" time="0.321"/>
  <system-out/>
</testsuite> <!-- com.gapi.testCases.CreateFAVisitoraccess -->
