<?xml version="1.0" encoding="UTF-8"?>
<!-- Generated by org.testng.reporters.JUnitReportReporter -->
<testsuite hostname="WSAMZN-HDKKE5OC" failures="0" tests="1" name="com.gapi.testCases.CreationOfUser" time="1.663" errors="0" timestamp="2023-01-06T22:31:53 IST" skipped="0">
  <testcase classname="com.gapi.testCases.CreationOfUser" name="CreateNewUser" time="1.663"/>
  <system-out/>
</testsuite> <!-- com.gapi.testCases.CreationOfUser -->
