<?xml version="1.0" encoding="UTF-8"?>
<!-- Generated by org.testng.reporters.JUnitReportReporter -->
<testsuite hostname="WSAMZN-7ID4CD15" failures="0" tests="8" name="com.gapi.testCases.GetAssets" time="4.941" errors="0" timestamp="2023-04-04T18:51:16 IST" skipped="0">
  <testcase classname="com.gapi.testCases.GetAssets" name="verifyAssetNames" time="0.418"/>
  <system-out/>
  <testcase classname="com.gapi.testCases.GetAssets" name="getLocationswithFilter" time="0.544"/>
  <system-out/>
  <testcase classname="com.gapi.testCases.GetAssets" name="getAllAssetsInfo" time="0.788"/>
  <system-out/>
  <testcase classname="com.gapi.testCases.GetAssets" name="getLocationswithFilter" time="0.494"/>
  <system-out/>
  <testcase classname="com.gapi.testCases.GetAssets" name="getLocationswithFilter" time="0.550"/>
  <system-out/>
  <testcase classname="com.gapi.testCases.GetAssets" name="getLocationswithFilter" time="0.601"/>
  <system-out/>
  <testcase classname="com.gapi.testCases.GetAssets" name="getAssetInfoById" time="0.784"/>
  <system-out/>
  <testcase classname="com.gapi.testCases.GetAssets" name="getLocationswithFilter" time="0.762"/>
  <system-out/>
</testsuite> <!-- com.gapi.testCases.GetAssets -->
