<?xml version="1.0" encoding="UTF-8"?>
<!-- Generated by org.testng.reporters.JUnitReportReporter -->
<testsuite hostname="WSAMZN-7ID4CD15" failures="0" tests="2" name="com.gapi.testCases.GetCountries" time="1.414" errors="0" timestamp="2023-04-04T18:51:16 IST" skipped="0">
  <testcase classname="com.gapi.testCases.GetCountries" name="getCountriesInformationusingfilters" time="0.743"/>
  <system-out/>
  <testcase classname="com.gapi.testCases.GetCountries" name="getCountriesInformation" time="0.671"/>
  <system-out/>
</testsuite> <!-- com.gapi.testCases.GetCountries -->
