<?xml version="1.0" encoding="UTF-8"?>
<!-- Generated by org.testng.reporters.JUnitReportReporter -->
<testsuite hostname="EC2AMAZ-G6IH36I" failures="0" tests="4" name="com.gapi.testCases.CreateRemoteHandTicket" time="9.682" errors="0" timestamp="2022-02-24T18:04:42 IST" skipped="0">
  <testcase classname="com.gapi.testCases.CreateRemoteHandTicket" name="verifyCreateRemoteHandsTicket" time="4.591"/>
  <system-out/>
  <testcase classname="com.gapi.testCases.CreateRemoteHandTicket" name="verifyCreateRemoteHandsTicket" time="1.345"/>
  <system-out/>
  <testcase classname="com.gapi.testCases.CreateRemoteHandTicket" name="verifycreateRemoteHandsTicketAndRetrieveTheRequest" time="2.574"/>
  <system-out/>
  <testcase classname="com.gapi.testCases.CreateRemoteHandTicket" name="verifyCreateRemoteHandsTicket" time="1.172"/>
  <system-out/>
</testsuite> <!-- com.gapi.testCases.CreateRemoteHandTicket -->
