<?xml version="1.0" encoding="UTF-8"?>
<!-- Generated by org.testng.reporters.JUnitReportReporter -->
<testsuite hostname="WSAMZN-7ID4CD15" failures="0" tests="1" name="com.gapi.testCases.TerminatePermanentBadgeRequest" time="5.052" errors="0" timestamp="2023-04-04T18:51:16 IST" skipped="0">
  <testcase classname="com.gapi.testCases.TerminatePermanentBadgeRequest" name="verifyTerminatePermanentBadgeRequest" time="5.052"/>
  <system-out/>
</testsuite> <!-- com.gapi.testCases.TerminatePermanentBadgeRequest -->
