<?xml version="1.0" encoding="UTF-8"?>
<!-- Generated by org.testng.reporters.JUnitReportReporter -->
<testsuite hostname="WSAMZN-7ID4CD15" failures="0" tests="42" name="com.gapi.testCases.GetCustomerSupportTicketDetails" time="186.882" errors="0" timestamp="2023-04-04T18:51:16 IST" skipped="0">
  <testcase classname="com.gapi.testCases.GetCustomerSupportTicketDetails" name="verifyGetAllWithCustomerSupportTicketFilters" time="6.695"/>
  <system-out/>
  <testcase classname="com.gapi.testCases.GetCustomerSupportTicketDetails" name="verifyGetAllWithCustomerSupportTicketFilters" time="5.857"/>
  <system-out/>
  <testcase classname="com.gapi.testCases.GetCustomerSupportTicketDetails" name="verifyGetAllWithCustomerSupportTicketFilters" time="5.540"/>
  <system-out/>
  <testcase classname="com.gapi.testCases.GetCustomerSupportTicketDetails" name="verifyGetAllWithCustomerSupportTicketFilters" time="5.041"/>
  <system-out/>
  <testcase classname="com.gapi.testCases.GetCustomerSupportTicketDetails" name="verifyGetAllWithCustomerSupportTicketFilters" time="6.761"/>
  <system-out/>
  <testcase classname="com.gapi.testCases.GetCustomerSupportTicketDetails" name="verifyGetAllWithCustomerSupportTicketFilters" time="5.714"/>
  <system-out/>
  <testcase classname="com.gapi.testCases.GetCustomerSupportTicketDetails" name="verifyGetAllWithCustomerSupportTicketFilters" time="3.230"/>
  <system-out/>
  <testcase classname="com.gapi.testCases.GetCustomerSupportTicketDetails" name="verifyGetAllWithCustomerSupportTicketFilters" time="5.877"/>
  <system-out/>
  <testcase classname="com.gapi.testCases.GetCustomerSupportTicketDetails" name="verifyGetAllWithCustomerSupportTicketFilters" time="5.634"/>
  <system-out/>
  <testcase classname="com.gapi.testCases.GetCustomerSupportTicketDetails" name="verifyGetAllWithCustomerSupportTicketFilters" time="5.181"/>
  <system-out/>
  <testcase classname="com.gapi.testCases.GetCustomerSupportTicketDetails" name="verifyGetAllWithCustomerSupportTicketFilters" time="4.653"/>
  <system-out/>
  <testcase classname="com.gapi.testCases.GetCustomerSupportTicketDetails" name="verifyGetAllWithCustomerSupportTicketFilters" time="4.518"/>
  <system-out/>
  <testcase classname="com.gapi.testCases.GetCustomerSupportTicketDetails" name="verifyGetAllWithCustomerSupportTicketFilters" time="3.831"/>
  <system-out/>
  <testcase classname="com.gapi.testCases.GetCustomerSupportTicketDetails" name="verifyGetAllWithCustomerSupportTicketFilters" time="4.183"/>
  <system-out/>
  <testcase classname="com.gapi.testCases.GetCustomerSupportTicketDetails" name="verifyGetAllWithCustomerSupportTicketFilters" time="5.291"/>
  <system-out/>
  <testcase classname="com.gapi.testCases.GetCustomerSupportTicketDetails" name="verifyGetAllWithCustomerSupportTicketFilters" time="3.204"/>
  <system-out/>
  <testcase classname="com.gapi.testCases.GetCustomerSupportTicketDetails" name="verifyGetAllWithCustomerSupportTicketFilters" time="5.670"/>
  <system-out/>
  <testcase classname="com.gapi.testCases.GetCustomerSupportTicketDetails" name="verifyGetAllWithCustomerSupportTicketFilters" time="5.477"/>
  <system-out/>
  <testcase classname="com.gapi.testCases.GetCustomerSupportTicketDetails" name="verifyGetAllWithCustomerSupportTicketFilters" time="5.793"/>
  <system-out/>
  <testcase classname="com.gapi.testCases.GetCustomerSupportTicketDetails" name="verifyGetAllWithCustomerSupportTicketFilters" time="5.023"/>
  <system-out/>
  <testcase classname="com.gapi.testCases.GetCustomerSupportTicketDetails" name="verifyGetAllWithCustomerSupportTicketFilters" time="5.789"/>
  <system-out/>
  <testcase classname="com.gapi.testCases.GetCustomerSupportTicketDetails" name="verifyGetAllWithCustomerSupportTicketFilters" time="4.546"/>
  <system-out/>
  <testcase classname="com.gapi.testCases.GetCustomerSupportTicketDetails" name="verifyGetAllWithCustomerSupportTicketFilters" time="5.338"/>
  <system-out/>
  <testcase classname="com.gapi.testCases.GetCustomerSupportTicketDetails" name="getCategoryListForCustomerSupportRequestType" time="0.259"/>
  <system-out/>
  <testcase classname="com.gapi.testCases.GetCustomerSupportTicketDetails" name="verifyGetAllWithCustomerSupportTicketFilters" time="4.421"/>
  <system-out/>
  <testcase classname="com.gapi.testCases.GetCustomerSupportTicketDetails" name="verifyGetAllWithCustomerSupportTicketFilters" time="5.057"/>
  <system-out/>
  <testcase classname="com.gapi.testCases.GetCustomerSupportTicketDetails" name="verifyGetAllWithCustomerSupportTicketFilters" time="6.141"/>
  <system-out/>
  <testcase classname="com.gapi.testCases.GetCustomerSupportTicketDetails" name="verifyGetAllWithCustomerSupportTicketFilters" time="5.580"/>
  <system-out/>
  <testcase classname="com.gapi.testCases.GetCustomerSupportTicketDetails" name="getCategoryListForCustomerSupportRequestType" time="0.309"/>
  <system-out/>
  <testcase classname="com.gapi.testCases.GetCustomerSupportTicketDetails" name="getCategoryListForCustomerSupportRequestType" time="0.280"/>
  <system-out/>
  <testcase classname="com.gapi.testCases.GetCustomerSupportTicketDetails" name="verifyGetAllWithCustomerSupportTicketFilters" time="5.637"/>
  <system-out/>
  <testcase classname="com.gapi.testCases.GetCustomerSupportTicketDetails" name="verifyGetAllWithCustomerSupportTicketFilters" time="5.521"/>
  <system-out/>
  <testcase classname="com.gapi.testCases.GetCustomerSupportTicketDetails" name="verifyGetAllWithCustomerSupportTicketFilters" time="6.828"/>
  <system-out/>
  <testcase classname="com.gapi.testCases.GetCustomerSupportTicketDetails" name="verifyGetAllWithCustomerSupportTicketFilters" time="5.557"/>
  <system-out/>
  <testcase classname="com.gapi.testCases.GetCustomerSupportTicketDetails" name="verifyGetAllWithCustomerSupportTicketFilters" time="4.241"/>
  <system-out/>
  <testcase classname="com.gapi.testCases.GetCustomerSupportTicketDetails" name="getCategoryListForCustomerSupportRequestType" time="0.311"/>
  <system-out/>
  <testcase classname="com.gapi.testCases.GetCustomerSupportTicketDetails" name="verifyGetAllWithCustomerSupportTicketFilters" time="5.081"/>
  <system-out/>
  <testcase classname="com.gapi.testCases.GetCustomerSupportTicketDetails" name="verifyGetAllWithCustomerSupportTicketFilters" time="5.148"/>
  <system-out/>
  <testcase classname="com.gapi.testCases.GetCustomerSupportTicketDetails" name="verifyCustomerSupportTicketInfoByInvalidId" time="0.429"/>
  <system-out/>
  <testcase classname="com.gapi.testCases.GetCustomerSupportTicketDetails" name="getCategoryListForCustomerSupportRequestType" time="0.294"/>
  <system-out/>
  <testcase classname="com.gapi.testCases.GetCustomerSupportTicketDetails" name="verifyGetAllWithCustomerSupportTicketFilters" time="3.831"/>
  <system-out/>
  <testcase classname="com.gapi.testCases.GetCustomerSupportTicketDetails" name="verifyGetAllWithCustomerSupportTicketFilters" time="3.111"/>
  <system-out/>
</testsuite> <!-- com.gapi.testCases.GetCustomerSupportTicketDetails -->
