<?xml version="1.0" encoding="UTF-8"?>
<!-- Generated by org.testng.reporters.JUnitReportReporter -->
<testsuite hostname="WSAMZN-7ID4CD15" failures="0" tests="4" name="com.gapi.testCases.GetPermanentBadgeDetails" time="6.664" errors="0" timestamp="2023-04-04T18:51:16 IST" skipped="0">
  <testcase classname="com.gapi.testCases.GetPermanentBadgeDetails" name="getPermanentBadgeInfoWithInvalidToken" time="0.192"/>
  <system-out/>
  <testcase classname="com.gapi.testCases.GetPermanentBadgeDetails" name="getPermanentBadgeInfo" time="5.628"/>
  <system-out/>
  <testcase classname="com.gapi.testCases.GetPermanentBadgeDetails" name="getPermanentBadgeInfoWithInvalidLegalentity" time="0.428"/>
  <system-out/>
  <testcase classname="com.gapi.testCases.GetPermanentBadgeDetails" name="getPermanentBadgeDetailsInfoWithInvalidGlobalUltimate" time="0.416"/>
  <system-out/>
</testsuite> <!-- com.gapi.testCases.GetPermanentBadgeDetails -->
