<?xml version="1.0" encoding="UTF-8"?>
<!-- Generated by org.testng.reporters.JUnitReportReporter -->
<testsuite hostname="WSAMZN-7ID4CD15" failures="0" tests="30" name="com.gapi.testCases.GetAllAssets" time="26.992" errors="0" timestamp="2023-04-04T18:51:16 IST" skipped="0">
  <testcase classname="com.gapi.testCases.GetAllAssets" name="getAllAssetsInformationUsingDifferentFilters" time="1.022"/>
  <system-out/>
  <testcase classname="com.gapi.testCases.GetAllAssets" name="verifyRetrievalofAssetNamesUsingInvalidAssetID" time="0.424"/>
  <system-out/>
  <testcase classname="com.gapi.testCases.GetAllAssets" name="vaidateTheCustomerAssetsUsingValidAccountIdAndParentID" time="2.367"/>
  <system-out/>
  <testcase classname="com.gapi.testCases.GetAllAssets" name="getAllAssetsInformationUsingDifferentFilters" time="0.478"/>
  <system-out/>
  <testcase classname="com.gapi.testCases.GetAllAssets" name="getAllAssetsInformationUsingDifferentFilters" time="0.935"/>
  <system-out/>
  <testcase classname="com.gapi.testCases.GetAllAssets" name="getAllAssetsInformationUsingDifferentFilters" time="0.886"/>
  <system-out/>
  <testcase classname="com.gapi.testCases.GetAllAssets" name="getAllAssetsInformationUsingDifferentFilters" time="0.883"/>
  <system-out/>
  <testcase classname="com.gapi.testCases.GetAllAssets" name="verifyRetrievalofAssetNamesUsingAssetID" time="1.118"/>
  <system-out/>
  <testcase classname="com.gapi.testCases.GetAllAssets" name="getAllAssetsInformationUsingDifferentFilters" time="0.972"/>
  <system-out/>
  <testcase classname="com.gapi.testCases.GetAllAssets" name="getAllAssetsInformationUsingDifferentFilters" time="0.886"/>
  <system-out/>
  <testcase classname="com.gapi.testCases.GetAllAssets" name="getAllAssetsInformationUsingDifferentFilters" time="0.897"/>
  <system-out/>
  <testcase classname="com.gapi.testCases.GetAllAssets" name="getAllAssetsInformationUsingDifferentFilters" time="1.056"/>
  <system-out/>
  <testcase classname="com.gapi.testCases.GetAllAssets" name="getAllAssetsInformationUsingDifferentFilters" time="0.811"/>
  <system-out/>
  <testcase classname="com.gapi.testCases.GetAllAssets" name="getAllAssetsInformationUsingDifferentFilters" time="1.012"/>
  <system-out/>
  <testcase classname="com.gapi.testCases.GetAllAssets" name="getAllAssetsInformationUsingDifferentFilters" time="0.971"/>
  <system-out/>
  <testcase classname="com.gapi.testCases.GetAllAssets" name="getAllAssetsInformationUsingDifferentFilters" time="1.029"/>
  <system-out/>
  <testcase classname="com.gapi.testCases.GetAllAssets" name="getAllAssetsInformationUsingDifferentFilters" time="0.906"/>
  <system-out/>
  <testcase classname="com.gapi.testCases.GetAllAssets" name="getAllAssetsInformationUsingDifferentFilters" time="0.879"/>
  <system-out/>
  <testcase classname="com.gapi.testCases.GetAllAssets" name="getAllAssetsInformationUsingDifferentFilters" time="0.941"/>
  <system-out/>
  <testcase classname="com.gapi.testCases.GetAllAssets" name="getAllAssetsInformationUsingDifferentFilters" time="0.889"/>
  <system-out/>
  <testcase classname="com.gapi.testCases.GetAllAssets" name="getAllAssetsInformationUsingDifferentFilters" time="0.861"/>
  <system-out/>
  <testcase classname="com.gapi.testCases.GetAllAssets" name="getAllAssetsInformationUsingDifferentFilters" time="0.857"/>
  <system-out/>
  <testcase classname="com.gapi.testCases.GetAllAssets" name="getAllAssetsInformationUsingDifferentFilters" time="0.452"/>
  <system-out/>
  <testcase classname="com.gapi.testCases.GetAllAssets" name="getAllAssetsInformationUsingDifferentFilters" time="0.893"/>
  <system-out/>
  <testcase classname="com.gapi.testCases.GetAllAssets" name="getAllAssetsInformationUsingDifferentFilters" time="0.435"/>
  <system-out/>
  <testcase classname="com.gapi.testCases.GetAllAssets" name="getAllAssetsInformationUsingDifferentFilters" time="0.910"/>
  <system-out/>
  <testcase classname="com.gapi.testCases.GetAllAssets" name="vaidateTheCustomerAssetsUsingInValidAccountIdAndInValidAssetID" time="0.696"/>
  <system-out/>
  <testcase classname="com.gapi.testCases.GetAllAssets" name="getAllAssetsInformation" time="0.967"/>
  <system-out/>
  <testcase classname="com.gapi.testCases.GetAllAssets" name="getAllAssetsInformationUsingDifferentFilters" time="0.922"/>
  <system-out/>
  <testcase classname="com.gapi.testCases.GetAllAssets" name="vaidateTheCustomerAssetsUsingAccountIdAndAssetID" time="0.637"/>
  <system-out/>
</testsuite> <!-- com.gapi.testCases.GetAllAssets -->
