<?xml version="1.0" encoding="UTF-8"?>
<!-- Generated by org.testng.reporters.JUnitReportReporter -->
<testsuite hostname="WSAMZN-7ID4CD15" failures="0" tests="9" name="com.gapi.testCases.GetRolesDetails" time="6.599" errors="0" timestamp="2023-04-04T18:51:16 IST" skipped="0">
  <testcase classname="com.gapi.testCases.GetRolesDetails" name="getallRolesinfo" time="0.438"/>
  <system-out/>
  <testcase classname="com.gapi.testCases.GetRolesDetails" name="getRolesinfoByInvalidRoleId" time="0.848"/>
  <system-out/>
  <testcase classname="com.gapi.testCases.GetRolesDetails" name="getPrivilegesinfoByInvalidRoleId" time="1.407"/>
  <system-out/>
  <testcase classname="com.gapi.testCases.GetRolesDetails" name="getallRolesinfo" time="0.554"/>
  <system-out/>
  <testcase classname="com.gapi.testCases.GetRolesDetails" name="getRolesinfoByValidRoleId" time="0.999"/>
  <system-out/>
  <testcase classname="com.gapi.testCases.GetRolesDetails" name="getallRolesinfo" time="0.544"/>
  <system-out/>
  <testcase classname="com.gapi.testCases.GetRolesDetails" name="getPrivilegesinfoByValidRoleId" time="0.942"/>
  <system-out/>
  <testcase classname="com.gapi.testCases.GetRolesDetails" name="getallRolesinfo" time="0.431"/>
  <system-out/>
  <testcase classname="com.gapi.testCases.GetRolesDetails" name="getallRolesinfo" time="0.436"/>
  <system-out/>
</testsuite> <!-- com.gapi.testCases.GetRolesDetails -->
