<?xml version="1.0" encoding="UTF-8"?>
<!-- Generated by org.testng.reporters.JUnitReportReporter -->
<testsuite hostname="EC2AMAZ-G6IH36I" failures="0" tests="1" name="com.gapi.testCases.ServiceNowLoginTest" time="18.163" errors="0" timestamp="2022-02-18T12:30:41 IST" skipped="0">
  <testcase classname="com.gapi.testCases.ServiceNowLoginTest" name="serviceNowLogin" time="18.163"/>
  <system-out/>
</testsuite> <!-- com.gapi.testCases.ServiceNowLoginTest -->
