<?xml version="1.0" encoding="UTF-8"?>
<!-- Generated by org.testng.reporters.JUnitReportReporter -->
<testsuite hostname="WSAMZN-7ID4CD15" failures="0" tests="2" name="com.gapi.testCases.CancelFacilityAccessTicket" time="14.449" errors="0" timestamp="2023-04-04T18:51:16 IST" skipped="0">
  <testcase classname="com.gapi.testCases.CancelFacilityAccessTicket" name="verifyGetCancelledFaclityAccessTicket" time="7.414"/>
  <system-out/>
  <testcase classname="com.gapi.testCases.CancelFacilityAccessTicket" name="verifyCancelFaclityAccessTicket" time="7.035"/>
  <system-out/>
</testsuite> <!-- com.gapi.testCases.CancelFacilityAccessTicket -->
