<?xml version="1.0" encoding="UTF-8"?>
<!-- Generated by org.testng.reporters.JUnitReportReporter -->
<testsuite hostname="WSAMZN-7ID4CD15" failures="0" tests="9" name="com.gapi.testCases.GetLocations" time="4.451" errors="0" timestamp="2023-04-04T18:51:16 IST" skipped="0">
  <testcase classname="com.gapi.testCases.GetLocations" name="getLocationswithFilter" time="0.461"/>
  <system-out/>
  <testcase classname="com.gapi.testCases.GetLocations" name="getLocationswithFilter" time="0.464"/>
  <system-out/>
  <testcase classname="com.gapi.testCases.GetLocations" name="getLocationswithFilter" time="0.473"/>
  <system-out/>
  <testcase classname="com.gapi.testCases.GetLocations" name="getLocationsInformation" time="0.466"/>
  <system-out/>
  <testcase classname="com.gapi.testCases.GetLocations" name="getLocationswithFilter" time="0.563"/>
  <system-out/>
  <testcase classname="com.gapi.testCases.GetLocations" name="getLocationsInformation" time="0.506"/>
  <system-out/>
  <testcase classname="com.gapi.testCases.GetLocations" name="getLocationswithFilter" time="0.486"/>
  <system-out/>
  <testcase classname="com.gapi.testCases.GetLocations" name="getLocationsInformation" time="0.509"/>
  <system-out/>
  <testcase classname="com.gapi.testCases.GetLocations" name="getLocationsInformation" time="0.523"/>
  <system-out/>
</testsuite> <!-- com.gapi.testCases.GetLocations -->
