<?xml version="1.0" encoding="UTF-8"?>
<!-- Generated by org.testng.reporters.JUnitReportReporter -->
<testsuite hostname="WSAMZN-7ID4CD15" failures="0" tests="12" name="com.gapi.testCases.EditShippingReceivingTicket" time="66.911" errors="0" timestamp="2023-04-04T18:51:16 IST" skipped="3">
  <testcase classname="com.gapi.testCases.EditShippingReceivingTicket" name="verifyEditNumberOfPackagesOfAnExistingShippingReceivingTicket" time="5.807"/>
  <system-out/>
  <testcase classname="com.gapi.testCases.EditShippingReceivingTicket" name="editTheContactsOfAnExistingShippingReceivingTicket" time="5.590"/>
  <system-out/>
  <testcase classname="com.gapi.testCases.EditShippingReceivingTicket" name="verifyEditCourierOfAnExistingShippingReceivingTicket" time="5.010"/>
  <system-out/>
  <testcase classname="com.gapi.testCases.EditShippingReceivingTicket" name="verifyEditLoadingBayofanExistingSRTicket" time="5.204"/>
  <system-out/>
  <testcase classname="com.gapi.testCases.EditShippingReceivingTicket" name="verifyEditTitleOfAnExistingShippingReceivingTicket" time="6.654"/>
  <system-out/>
  <testcase classname="com.gapi.testCases.EditShippingReceivingTicket" name="verifyEditReferenceNumberOfAnExistingShippingReceivingTicket" time="5.980">
    <skipped/>
  </testcase> <!-- verifyEditReferenceNumberOfAnExistingShippingReceivingTicket -->
  <system-out/>
  <testcase classname="com.gapi.testCases.EditShippingReceivingTicket" name="verifyEditEstimatedDeliveryDateOfAnExistingShippingReceivingTicket" time="5.473"/>
  <system-out/>
  <testcase classname="com.gapi.testCases.EditShippingReceivingTicket" name="verifyEditReferenceNumberOfAnExistingShippingReceivingTicket" time="6.027"/>
  <system-out/>
  <testcase classname="com.gapi.testCases.EditShippingReceivingTicket" name="verifyEditDescriptionOfAnExistingShippingReceivingTicket" time="5.307"/>
  <system-out/>
  <testcase classname="com.gapi.testCases.EditShippingReceivingTicket" name="verifyEditNumberOfPackagesOfAnExistingShippingReceivingTicket" time="5.495">
    <skipped/>
  </testcase> <!-- verifyEditNumberOfPackagesOfAnExistingShippingReceivingTicket -->
  <system-out/>
  <testcase classname="com.gapi.testCases.EditShippingReceivingTicket" name="verifyEditTrackingNumberOfAnExistingShippingReceivingTicket" time="6.614"/>
  <system-out/>
  <testcase classname="com.gapi.testCases.EditShippingReceivingTicket" name="verifyEditLoadingBayofanExistingSRTicket" time="3.750">
    <skipped/>
  </testcase> <!-- verifyEditLoadingBayofanExistingSRTicket -->
  <system-out/>
</testsuite> <!-- com.gapi.testCases.EditShippingReceivingTicket -->
