<?xml version="1.0" encoding="UTF-8"?>
<!-- Generated by org.testng.reporters.JUnitReportReporter -->
<testsuite hostname="WSAMZN-MVKF1909" failures="0" tests="1" name="com.gapi.testCases.GetOSPTicketDetails" time="3.115" errors="0" timestamp="2023-01-18T22:32:55 IST" skipped="0">
  <testcase classname="com.gapi.testCases.GetOSPTicketDetails" name="getAllOSPTicketsInfo" time="3.115"/>
  <system-out/>
</testsuite> <!-- com.gapi.testCases.GetOSPTicketDetails -->
