<?xml version="1.0" encoding="UTF-8"?>
<!-- Generated by org.testng.reporters.JUnitReportReporter -->
<testsuite hostname="WSAMZN-7ID4CD15" failures="0" tests="2" name="com.gapi.testCases.GetPermissionGroupDetails" time="1.912" errors="0" timestamp="2023-04-04T18:51:16 IST" skipped="0">
  <testcase classname="com.gapi.testCases.GetPermissionGroupDetails" name="createPermissionGroupInfoByGroupId" time="1.040"/>
  <system-out/>
  <testcase classname="com.gapi.testCases.GetPermissionGroupDetails" name="getPermissionGroupInfoByGroupId" time="0.872"/>
  <system-out/>
</testsuite> <!-- com.gapi.testCases.GetPermissionGroupDetails -->
