<?xml version="1.0" encoding="UTF-8"?>
<!-- Generated by org.testng.reporters.JUnitReportReporter -->
<testsuite hostname="WSAMZN-7ID4CD15" failures="0" tests="29" name="com.gapi.testCases.GetShipmentsTicketDetails" time="120.405" errors="0" timestamp="2023-04-04T18:51:16 IST" skipped="0">
  <testcase classname="com.gapi.testCases.GetShipmentsTicketDetails" name="verifyGetAllWithShipmentsTicketFilters" time="3.767"/>
  <system-out/>
  <testcase classname="com.gapi.testCases.GetShipmentsTicketDetails" name="verifyGetAllWithShipmentsTicketFilters" time="3.669"/>
  <system-out/>
  <testcase classname="com.gapi.testCases.GetShipmentsTicketDetails" name="verifyGetAllWithShipmentsTicketFilters" time="6.042"/>
  <system-out/>
  <testcase classname="com.gapi.testCases.GetShipmentsTicketDetails" name="verifyGetAllWithShipmentsTicketFilters" time="3.316"/>
  <system-out/>
  <testcase classname="com.gapi.testCases.GetShipmentsTicketDetails" name="verifyGetAllWithShipmentsTicketFilters" time="2.533"/>
  <system-out/>
  <testcase classname="com.gapi.testCases.GetShipmentsTicketDetails" name="verifyGetAllWithShipmentsTicketFilters" time="3.696"/>
  <system-out/>
  <testcase classname="com.gapi.testCases.GetShipmentsTicketDetails" name="verifyGetAllWithShipmentsTicketFilters" time="4.213"/>
  <system-out/>
  <testcase classname="com.gapi.testCases.GetShipmentsTicketDetails" name="verifyGetAllWithShipmentsTicketFilters" time="4.894"/>
  <system-out/>
  <testcase classname="com.gapi.testCases.GetShipmentsTicketDetails" name="verifyGetAllWithShipmentsTicketFilters" time="2.488"/>
  <system-out/>
  <testcase classname="com.gapi.testCases.GetShipmentsTicketDetails" name="verifyGetAllWithShipmentsTicketFilters" time="3.956"/>
  <system-out/>
  <testcase classname="com.gapi.testCases.GetShipmentsTicketDetails" name="verifyGetAllWithShipmentsTicketFilters" time="3.466"/>
  <system-out/>
  <testcase classname="com.gapi.testCases.GetShipmentsTicketDetails" name="getAllShipmentsTicketsInfo" time="4.064"/>
  <system-out/>
  <testcase classname="com.gapi.testCases.GetShipmentsTicketDetails" name="verifyGetAllWithShipmentsTicketFilters" time="4.880"/>
  <system-out/>
  <testcase classname="com.gapi.testCases.GetShipmentsTicketDetails" name="verifyGetAllWithShipmentsTicketFilters" time="2.416"/>
  <system-out/>
  <testcase classname="com.gapi.testCases.GetShipmentsTicketDetails" name="verifyGetAllWithShipmentsTicketFilters" time="4.385"/>
  <system-out/>
  <testcase classname="com.gapi.testCases.GetShipmentsTicketDetails" name="verifyGetAllWithShipmentsTicketFilters" time="4.334"/>
  <system-out/>
  <testcase classname="com.gapi.testCases.GetShipmentsTicketDetails" name="verifyGetAllWithShipmentsTicketFilters" time="4.156"/>
  <system-out/>
  <testcase classname="com.gapi.testCases.GetShipmentsTicketDetails" name="verifyGetAllWithShipmentsTicketFilters" time="5.739"/>
  <system-out/>
  <testcase classname="com.gapi.testCases.GetShipmentsTicketDetails" name="verifyGetAllWithShipmentsTicketFilters" time="2.531"/>
  <system-out/>
  <testcase classname="com.gapi.testCases.GetShipmentsTicketDetails" name="verifyGetAllWithShipmentsTicketFilters" time="5.609"/>
  <system-out/>
  <testcase classname="com.gapi.testCases.GetShipmentsTicketDetails" name="retrieveShipmentTicketInfoByInvalidId" time="1.920"/>
  <system-out/>
  <testcase classname="com.gapi.testCases.GetShipmentsTicketDetails" name="verifyGetAllWithShipmentsTicketFilters" time="3.858"/>
  <system-out/>
  <testcase classname="com.gapi.testCases.GetShipmentsTicketDetails" name="verifyGetAllWithShipmentsTicketFilters" time="5.829"/>
  <system-out/>
  <testcase classname="com.gapi.testCases.GetShipmentsTicketDetails" name="verifyGetAllWithShipmentsTicketFilters" time="3.530"/>
  <system-out/>
  <testcase classname="com.gapi.testCases.GetShipmentsTicketDetails" name="verifyGetAllWithShipmentsTicketFilters" time="4.953"/>
  <system-out/>
  <testcase classname="com.gapi.testCases.GetShipmentsTicketDetails" name="verifyGetAllWithShipmentsTicketFilters" time="4.848"/>
  <system-out/>
  <testcase classname="com.gapi.testCases.GetShipmentsTicketDetails" name="verifyGetAllWithShipmentsTicketFilters" time="5.358"/>
  <system-out/>
  <testcase classname="com.gapi.testCases.GetShipmentsTicketDetails" name="verifyGetAllWithShipmentsTicketFilters" time="5.349"/>
  <system-out/>
  <testcase classname="com.gapi.testCases.GetShipmentsTicketDetails" name="verifyGetAllWithShipmentsTicketFilters" time="4.606"/>
  <system-out/>
</testsuite> <!-- com.gapi.testCases.GetShipmentsTicketDetails -->
