<?xml version="1.0" encoding="UTF-8"?>
<!-- Generated by org.testng.reporters.JUnitReportReporter -->
<testsuite hostname="WSAMZN-7ID4CD15" failures="0" tests="3" name="com.gapi.testCases.GetOSPDetails" time="6.336" errors="0" timestamp="2023-04-04T18:51:16 IST" skipped="0">
  <testcase classname="com.gapi.testCases.GetOSPDetails" name="getOSPDetailsInfoWithInvalidGlobalUltimate" time="0.450"/>
  <system-out/>
  <testcase classname="com.gapi.testCases.GetOSPDetails" name="getOSPDetailsInfoWithInvalidToken" time="0.190"/>
  <system-out/>
  <testcase classname="com.gapi.testCases.GetOSPDetails" name="getOSPDetailsInfo" time="5.696"/>
  <system-out/>
</testsuite> <!-- com.gapi.testCases.GetOSPDetails -->
