<?xml version="1.0" encoding="UTF-8"?>
<!-- Generated by org.testng.reporters.JUnitReportReporter -->
<testsuite hostname="WSAMZN-1OLKJPF2" failures="0" tests="1" name="com.gapi.testCases.GetDCIMListOfEnrolments" time="4.575" errors="0" timestamp="2022-07-05T19:33:19 IST" skipped="0">
  <testcase classname="com.gapi.testCases.GetDCIMListOfEnrolments" name="getDCIMListOfEnrolments" time="4.575"/>
  <system-out/>
</testsuite> <!-- com.gapi.testCases.GetDCIMListOfEnrolments -->
